# JRE version: OpenJDK Runtime Environment Temurin-25.0.1+8 (25.0.1+8) (build 25.0.1+8-LTS)
# Java VM: OpenJDK 64-Bit Server VM Temurin-25.0.1+8 (25.0.1+8-LTS, mixed mode, emulated-client, sharing, tiered, compressed oops, compressed class ptrs, g1 gc, windows-amd64)
GC Precious Log:
 CardTable entry size: 512
 Card Set container configuration: InlinePtr #cards 5 size 8 Array Of Cards #cards 10 size 36 Howl #buckets 4 coarsen threshold 1843 Howl Bitmap #cards 512 size 80 coarsen threshold 460 Card regions per heap region 1 cards per card region 2048
 CPUs: 12 total, 12 available
 Memory: 16055M
 Large Page Support: Disabled
 NUMA Support: Disabled
 Compressed Oops: Enabled (32-bit)
 Heap Region Size: 1M
 Heap Min Capacity: 8M
 Heap Initial Capacity: 252M
 Heap Max Capacity: 1G
 Pre-touch: Disabled
 Parallel Workers: 10
 Concurrent Workers: 3
 Concurrent Refinement Workers: 10
 Periodic GC: Disabled
Heap:
 garbage-first heap   total reserved 1048576K, committed 83968K, used 28053K [0x00000000c0000000, 0x0000000100000000)
  region size 1024K, 1 young (1024K), 0 survivors (0K)
GC Heap Usage History (20 events):
Event: 3800.913 {heap After GC invocations=374 (full 364):
 garbage-first heap   total reserved 1048576K, committed 83968K, used 28053K [0x00000000c0000000, 0x0000000100000000)
  region size 1024K, 0 young (0K), 0 survivors (0K)
}
Event: 3811.216 {heap Before GC invocations=374 (full 364):
 garbage-first heap   total reserved 1048576K, committed 83968K, used 28053K [0x00000000c0000000, 0x0000000100000000)
  region size 1024K, 1 young (1024K), 0 survivors (0K)
}
Event: 3811.264 {heap After GC invocations=375 (full 365):
 garbage-first heap   total reserved 1048576K, committed 83968K, used 28053K [0x00000000c0000000, 0x0000000100000000)
  region size 1024K, 0 young (0K), 0 survivors (0K)
}
Event: 3821.570 {heap Before GC invocations=375 (full 365):
 garbage-first heap   total reserved 1048576K, committed 83968K, used 28053K [0x00000000c0000000, 0x0000000100000000)
  region size 1024K, 1 young (1024K), 0 survivors (0K)
}
Event: 3821.639 {heap After GC invocations=376 (full 366):
 garbage-first heap   total reserved 1048576K, committed 83968K, used 28053K [0x00000000c0000000, 0x0000000100000000)
  region size 1024K, 0 young (0K), 0 survivors (0K)
}
Event: 3831.859 {heap Before GC invocations=376 (full 366):
 garbage-first heap   total reserved 1048576K, committed 83968K, used 28053K [0x00000000c0000000, 0x0000000100000000)
  region size 1024K, 1 young (1024K), 0 survivors (0K)
}
Event: 3831.905 {heap After GC invocations=377 (full 367):
 garbage-first heap   total reserved 1048576K, committed 83968K, used 28053K [0x00000000c0000000, 0x0000000100000000)
  region size 1024K, 0 young (0K), 0 survivors (0K)
}
Event: 3842.198 {heap Before GC invocations=377 (full 367):
 garbage-first heap   total reserved 1048576K, committed 83968K, used 28053K [0x00000000c0000000, 0x0000000100000000)
  region size 1024K, 1 young (1024K), 0 survivors (0K)
}
Event: 3842.253 {heap After GC invocations=378 (full 368):
 garbage-first heap   total reserved 1048576K, committed 83968K, used 28053K [0x00000000c0000000, 0x0000000100000000)
  region size 1024K, 0 young (0K), 0 survivors (0K)
}
Event: 3852.546 {heap Before GC invocations=378 (full 368):
 garbage-first heap   total reserved 1048576K, committed 83968K, used 28053K [0x00000000c0000000, 0x0000000100000000)
  region size 1024K, 1 young (1024K), 0 survivors (0K)
}
Event: 3852.590 {heap After GC invocations=379 (full 369):
 garbage-first heap   total reserved 1048576K, committed 83968K, used 28053K [0x00000000c0000000, 0x0000000100000000)
  region size 1024K, 0 young (0K), 0 survivors (0K)
}
Event: 3862.833 {heap Before GC invocations=379 (full 369):
 garbage-first heap   total reserved 1048576K, committed 83968K, used 28053K [0x00000000c0000000, 0x0000000100000000)
  region size 1024K, 1 young (1024K), 0 survivors (0K)
}
Event: 3862.866 {heap After GC invocations=380 (full 370):
 garbage-first heap   total reserved 1048576K, committed 83968K, used 28053K [0x00000000c0000000, 0x0000000100000000)
  region size 1024K, 0 young (0K), 0 survivors (0K)
}
Event: 3873.179 {heap Before GC invocations=380 (full 370):
 garbage-first heap   total reserved 1048576K, committed 83968K, used 28053K [0x00000000c0000000, 0x0000000100000000)
  region size 1024K, 1 young (1024K), 0 survivors (0K)
}
Event: 3873.230 {heap After GC invocations=381 (full 371):
 garbage-first heap   total reserved 1048576K, committed 83968K, used 28053K [0x00000000c0000000, 0x0000000100000000)
  region size 1024K, 0 young (0K), 0 survivors (0K)
}
Event: 3883.573 {heap Before GC invocations=381 (full 371):
 garbage-first heap   total reserved 1048576K, committed 83968K, used 28053K [0x00000000c0000000, 0x0000000100000000)
  region size 1024K, 1 young (1024K), 0 survivors (0K)
}
Event: 3883.641 {heap After GC invocations=382 (full 372):
 garbage-first heap   total reserved 1048576K, committed 83968K, used 28053K [0x00000000c0000000, 0x0000000100000000)
  region size 1024K, 0 young (0K), 0 survivors (0K)
}
Event: 3893.961 {heap Before GC invocations=382 (full 372):
 garbage-first heap   total reserved 1048576K, committed 83968K, used 28053K [0x00000000c0000000, 0x0000000100000000)
  region size 1024K, 1 young (1024K), 0 survivors (0K)
}
Event: 3894.023 {heap After GC invocations=383 (full 373):
 garbage-first heap   total reserved 1048576K, committed 83968K, used 28053K [0x00000000c0000000, 0x0000000100000000)
  region size 1024K, 0 young (0K), 0 survivors (0K)
}
Event: 3904.101 {heap Before GC invocations=383 (full 373):
 garbage-first heap   total reserved 1048576K, committed 83968K, used 28053K [0x00000000c0000000, 0x0000000100000000)
  region size 1024K, 1 young (1024K), 0 survivors (0K)
}

