# JRE version: OpenJDK Runtime Environment Temurin-25.0.1+8 (25.0.1+8) (build 25.0.1+8-LTS)
# Java VM: OpenJDK 64-Bit Server VM Temurin-25.0.1+8 (25.0.1+8-LTS, mixed mode, emulated-client, sharing, tiered, compressed oops, compressed class ptrs, g1 gc, windows-amd64)
GC Precious Log:
 CardTable entry size: 512
 Card Set container configuration: InlinePtr #cards 5 size 8 Array Of Cards #cards 10 size 36 Howl #buckets 4 coarsen threshold 1843 Howl Bitmap #cards 512 size 80 coarsen threshold 460 Card regions per heap region 1 cards per card region 2048
 CPUs: 12 total, 12 available
 Memory: 16055M
 Large Page Support: Disabled
 NUMA Support: Disabled
 Compressed Oops: Enabled (32-bit)
 Heap Region Size: 1M
 Heap Min Capacity: 8M
 Heap Initial Capacity: 252M
 Heap Max Capacity: 1G
 Pre-touch: Disabled
 Parallel Workers: 10
 Concurrent Workers: 3
 Concurrent Refinement Workers: 10
 Periodic GC: Disabled
Heap:
 garbage-first heap   total reserved 1048576K, committed 104448K, used 40721K [0x00000000c0000000, 0x0000000100000000)
  region size 1024K, 1 young (1024K), 0 survivors (0K)
GC Heap Usage History (20 events):
Event: 1032.294 {heap After GC invocations=108 (full 83):
 garbage-first heap   total reserved 1048576K, committed 104448K, used 40721K [0x00000000c0000000, 0x0000000100000000)
  region size 1024K, 0 young (0K), 0 survivors (0K)
}
Event: 1042.578 {heap Before GC invocations=108 (full 83):
 garbage-first heap   total reserved 1048576K, committed 104448K, used 40721K [0x00000000c0000000, 0x0000000100000000)
  region size 1024K, 1 young (1024K), 0 survivors (0K)
}
Event: 1042.637 {heap After GC invocations=109 (full 84):
 garbage-first heap   total reserved 1048576K, committed 104448K, used 40721K [0x00000000c0000000, 0x0000000100000000)
  region size 1024K, 0 young (0K), 0 survivors (0K)
}
Event: 1052.906 {heap Before GC invocations=109 (full 84):
 garbage-first heap   total reserved 1048576K, committed 104448K, used 40721K [0x00000000c0000000, 0x0000000100000000)
  region size 1024K, 1 young (1024K), 0 survivors (0K)
}
Event: 1052.976 {heap After GC invocations=110 (full 85):
 garbage-first heap   total reserved 1048576K, committed 104448K, used 40721K [0x00000000c0000000, 0x0000000100000000)
  region size 1024K, 0 young (0K), 0 survivors (0K)
}
Event: 1063.327 {heap Before GC invocations=110 (full 85):
 garbage-first heap   total reserved 1048576K, committed 104448K, used 40721K [0x00000000c0000000, 0x0000000100000000)
  region size 1024K, 1 young (1024K), 0 survivors (0K)
}
Event: 1063.397 {heap After GC invocations=111 (full 86):
 garbage-first heap   total reserved 1048576K, committed 104448K, used 40721K [0x00000000c0000000, 0x0000000100000000)
  region size 1024K, 0 young (0K), 0 survivors (0K)
}
Event: 1073.701 {heap Before GC invocations=111 (full 86):
 garbage-first heap   total reserved 1048576K, committed 104448K, used 40721K [0x00000000c0000000, 0x0000000100000000)
  region size 1024K, 1 young (1024K), 0 survivors (0K)
}
Event: 1073.775 {heap After GC invocations=112 (full 87):
 garbage-first heap   total reserved 1048576K, committed 104448K, used 40721K [0x00000000c0000000, 0x0000000100000000)
  region size 1024K, 0 young (0K), 0 survivors (0K)
}
Event: 1084.075 {heap Before GC invocations=112 (full 87):
 garbage-first heap   total reserved 1048576K, committed 104448K, used 40721K [0x00000000c0000000, 0x0000000100000000)
  region size 1024K, 1 young (1024K), 0 survivors (0K)
}
Event: 1084.142 {heap After GC invocations=113 (full 88):
 garbage-first heap   total reserved 1048576K, committed 104448K, used 40721K [0x00000000c0000000, 0x0000000100000000)
  region size 1024K, 0 young (0K), 0 survivors (0K)
}
Event: 1094.420 {heap Before GC invocations=113 (full 88):
 garbage-first heap   total reserved 1048576K, committed 104448K, used 40721K [0x00000000c0000000, 0x0000000100000000)
  region size 1024K, 1 young (1024K), 0 survivors (0K)
}
Event: 1094.485 {heap After GC invocations=114 (full 89):
 garbage-first heap   total reserved 1048576K, committed 104448K, used 40721K [0x00000000c0000000, 0x0000000100000000)
  region size 1024K, 0 young (0K), 0 survivors (0K)
}
Event: 1104.793 {heap Before GC invocations=114 (full 89):
 garbage-first heap   total reserved 1048576K, committed 104448K, used 40721K [0x00000000c0000000, 0x0000000100000000)
  region size 1024K, 1 young (1024K), 0 survivors (0K)
}
Event: 1104.863 {heap After GC invocations=115 (full 90):
 garbage-first heap   total reserved 1048576K, committed 104448K, used 40721K [0x00000000c0000000, 0x0000000100000000)
  region size 1024K, 0 young (0K), 0 survivors (0K)
}
Event: 1115.175 {heap Before GC invocations=115 (full 90):
 garbage-first heap   total reserved 1048576K, committed 104448K, used 40721K [0x00000000c0000000, 0x0000000100000000)
  region size 1024K, 1 young (1024K), 0 survivors (0K)
}
Event: 1115.247 {heap After GC invocations=116 (full 91):
 garbage-first heap   total reserved 1048576K, committed 104448K, used 40721K [0x00000000c0000000, 0x0000000100000000)
  region size 1024K, 0 young (0K), 0 survivors (0K)
}
Event: 1125.493 {heap Before GC invocations=116 (full 91):
 garbage-first heap   total reserved 1048576K, committed 104448K, used 40721K [0x00000000c0000000, 0x0000000100000000)
  region size 1024K, 1 young (1024K), 0 survivors (0K)
}
Event: 1125.569 {heap After GC invocations=117 (full 92):
 garbage-first heap   total reserved 1048576K, committed 104448K, used 40721K [0x00000000c0000000, 0x0000000100000000)
  region size 1024K, 0 young (0K), 0 survivors (0K)
}
Event: 1135.820 {heap Before GC invocations=117 (full 92):
 garbage-first heap   total reserved 1048576K, committed 104448K, used 40721K [0x00000000c0000000, 0x0000000100000000)
  region size 1024K, 1 young (1024K), 0 survivors (0K)
}

